<?xml version="1.0" encoding="UTF-8"?>
<!-- Generated by org.testng.reporters.JUnitReportReporter -->
<testsuite hostname="Ms-MacBook-Air.local" failures="0" tests="3" name="amazonTest.purchaseTest" time="80.700" errors="0" timestamp="2024-03-19T11:22:59 IST" skipped="0">
  <testcase classname="amazonTest.purchaseTest" name="verifyHeadphoneAndKeyboardPurchaseTest" time="47.744"/>
  <system-out/>
  <testcase classname="amazonTest.purchaseTest" name="verifyLaptopPurchaseTest" time="12.617"/>
  <system-out/>
  <testcase classname="amazonTest.purchaseTest" name="verifyMonitorPurchaseTest" time="20.339"/>
  <system-out/>
</testsuite> <!-- amazonTest.purchaseTest -->
